***********Test_001_Login**************
*************** Verifying Homepage Title **********
%%%%%%%%%%%% Test_homepage Failed .....  %%%%%%%%
************ Login Test case Passed *********
2022-07-16 17:54:16,060 - root - INFO - ***********Test_001_Login**************
2022-07-16 17:54:16,061 - root - INFO - *************** Verifying Homepage Title **********
2022-07-16 17:54:20,042 - root - ERROR - %%%%%%%%%%%% Test_homepage Failed .....  %%%%%%%%
2022-07-16 17:54:31,106 - root - INFO - ************ Login Test case Passed *********
2022-07-16 18:22:42,924 - root - INFO - **** Passed*******
2022-07-16 18:22:57,284 - root - INFO - *****Passed*****
2022-07-16 18:33:26,418 - root - INFO - **** Passed*******
2022-07-16 18:33:40,724 - root - INFO - *****Passed*****
2022-07-16 18:38:55,397 - root - INFO - ******* Test_002 Login started **********
2022-07-16 18:39:09,898 - root - INFO - **** Passed*******
2022-07-16 18:39:24,064 - root - INFO - *****Passed*****
2022-07-18 15:14:39,747 - root - INFO - ****** Test_003_AddCustomer******
2022-07-18 15:14:49,258 - root - INFO - *****Login Successful********
2022-07-18 15:14:49,258 - root - INFO - ******* Starting Add Customer*******
2022-07-18 15:16:40,546 - root - INFO - ****** Test_003_AddCustomer******
2022-07-18 15:16:50,259 - root - INFO - *****Login Successful********
2022-07-18 15:16:50,259 - root - INFO - ******* Starting Add Customer*******
2022-07-18 15:18:21,822 - root - INFO - ****** Test_003_AddCustomer******
2022-07-18 15:18:31,367 - root - INFO - *****Login Successful********
2022-07-18 15:18:31,367 - root - INFO - ******* Starting Add Customer*******
2022-07-18 15:18:33,000 - root - INFO - ********* Adding Customer Details *******
2022-07-18 15:20:49,314 - root - INFO - ****** Test_003_AddCustomer******
2022-07-18 15:21:00,213 - root - INFO - *****Login Successful********
2022-07-18 15:21:00,213 - root - INFO - ******* Starting Add Customer*******
2022-07-18 15:21:03,170 - root - INFO - ********* Adding Customer Details *******
2022-07-18 15:22:19,138 - root - INFO - ****** Test_003_AddCustomer******
2022-07-18 15:22:28,772 - root - INFO - *****Login Successful********
2022-07-18 15:22:28,772 - root - INFO - ******* Starting Add Customer*******
2022-07-18 15:22:30,300 - root - INFO - ********* Adding Customer Details *******
2022-07-18 15:26:04,333 - root - INFO - ****** Test_003_AddCustomer******
2022-07-18 15:26:14,225 - root - INFO - *****Login Successful********
2022-07-18 15:26:14,225 - root - INFO - ******* Starting Add Customer*******
2022-07-18 15:26:15,792 - root - INFO - ********* Adding Customer Details *******
2022-07-18 15:41:21,435 - root - INFO - ****** Test_003_AddCustomer******
2022-07-18 15:41:31,173 - root - INFO - *****Login Successful********
2022-07-18 15:41:31,173 - root - INFO - ******* Starting Add Customer*******
2022-07-18 15:41:32,815 - root - INFO - ********* Adding Customer Details *******
2022-07-18 15:47:21,266 - root - INFO - ****** Test_003_AddCustomer******
2022-07-18 15:47:59,078 - root - INFO - *****Login Successful********
2022-07-18 15:47:59,078 - root - INFO - ******* Starting Add Customer*******
2022-07-18 15:48:04,512 - root - INFO - ********* Adding Customer Details *******
2022-07-18 15:49:46,378 - root - INFO - ****** Test_003_AddCustomer******
2022-07-18 15:49:56,490 - root - INFO - *****Login Successful********
2022-07-18 15:49:56,490 - root - INFO - ******* Starting Add Customer*******
2022-07-18 15:49:58,469 - root - INFO - ********* Adding Customer Details *******
2022-07-18 15:50:09,706 - root - INFO - ****** Saving Customer Info ********
2022-07-18 15:50:09,706 - root - INFO - ********* Add customer Validation started ********
2022-07-18 15:51:46,656 - root - INFO - ****** Test_003_AddCustomer******
2022-07-18 15:51:56,334 - root - INFO - *****Login Successful********
2022-07-18 15:51:56,334 - root - INFO - ******* Starting Add Customer*******
2022-07-18 15:51:57,865 - root - INFO - ********* Adding Customer Details *******
2022-07-18 15:52:08,958 - root - INFO - ****** Saving Customer Info ********
2022-07-18 15:52:08,959 - root - INFO - ********* Add customer Validation started ********
2022-07-18 15:55:25,886 - root - INFO - ****** Test_003_AddCustomer******
2022-07-18 15:55:35,335 - root - INFO - *****Login Successful********
2022-07-18 15:55:35,336 - root - INFO - ******* Starting Add Customer*******
2022-07-18 15:55:36,966 - root - INFO - ********* Adding Customer Details *******
2022-07-18 15:55:47,999 - root - INFO - ****** Saving Customer Info ********
2022-07-18 15:55:47,999 - root - INFO - ********* Add customer Validation started ********
2022-07-18 15:57:26,852 - root - INFO - ****** Test_003_AddCustomer******
2022-07-18 15:57:36,514 - root - INFO - *****Login Successful********
2022-07-18 15:57:36,514 - root - INFO - ******* Starting Add Customer*******
2022-07-18 15:57:38,043 - root - INFO - ********* Adding Customer Details *******
2022-07-18 15:57:49,153 - root - INFO - ****** Saving Customer Info ********
2022-07-18 15:57:49,153 - root - INFO - ********* Add customer Validation started ********
2022-07-18 16:02:39,353 - root - INFO - ****** Test_003_AddCustomer******
2022-07-18 16:02:50,418 - root - INFO - *****Login Successful********
2022-07-18 16:02:50,418 - root - INFO - ******* Starting Add Customer*******
2022-07-18 16:02:53,697 - root - INFO - ********* Adding Customer Details *******
2022-07-18 16:03:04,876 - root - INFO - ****** Saving Customer Info ********
2022-07-18 16:03:04,876 - root - INFO - ********* Add customer Validation started ********
2022-07-18 16:04:52,594 - root - INFO - ****** Test_003_AddCustomer******
2022-07-18 16:05:02,384 - root - INFO - *****Login Successful********
2022-07-18 16:05:02,384 - root - INFO - ******* Starting Add Customer*******
2022-07-18 16:05:04,094 - root - INFO - ********* Adding Customer Details *******
2022-07-18 16:05:15,227 - root - INFO - ****** Saving Customer Info ********
2022-07-18 16:05:15,227 - root - INFO - ********* Add customer Validation started ********
2022-07-18 16:07:48,708 - root - INFO - ****** Test_003_AddCustomer******
2022-07-18 16:07:58,454 - root - INFO - *****Login Successful********
2022-07-18 16:07:58,454 - root - INFO - ******* Starting Add Customer*******
2022-07-18 16:08:00,044 - root - INFO - ********* Adding Customer Details *******
2022-07-18 16:08:11,177 - root - INFO - ****** Saving Customer Info ********
2022-07-18 16:08:11,177 - root - INFO - ********* Add customer Validation started ********
2022-07-18 16:09:25,588 - root - INFO - ****** Test_003_AddCustomer******
2022-07-18 16:09:35,373 - root - INFO - *****Login Successful********
2022-07-18 16:09:35,373 - root - INFO - ******* Starting Add Customer*******
2022-07-18 16:09:36,910 - root - INFO - ********* Adding Customer Details *******
2022-07-18 16:16:04,815 - root - INFO - ****** Test_003_AddCustomer******
2022-07-18 16:16:14,471 - root - INFO - *****Login Successful********
2022-07-18 16:16:14,471 - root - INFO - ******* Starting Add Customer*******
2022-07-18 16:16:16,055 - root - INFO - ********* Adding Customer Details *******
2022-07-18 16:42:54,960 - root - INFO - ****** Test_003_AddCustomer******
2022-07-18 16:43:04,558 - root - INFO - *****Login Successful********
2022-07-18 16:43:04,558 - root - INFO - ******* Starting Add Customer*******
2022-07-18 16:43:06,069 - root - INFO - ********* Adding Customer Details *******
2022-07-18 16:43:44,278 - root - INFO - ****** Test_003_AddCustomer******
2022-07-18 16:43:53,818 - root - INFO - *****Login Successful********
2022-07-18 16:43:53,818 - root - INFO - ******* Starting Add Customer*******
2022-07-18 16:43:55,367 - root - INFO - ********* Adding Customer Details *******
2022-07-18 16:45:33,111 - root - INFO - ****** Test_003_AddCustomer******
2022-07-18 16:45:42,992 - root - INFO - *****Login Successful********
2022-07-18 16:45:42,993 - root - INFO - ******* Starting Add Customer*******
2022-07-18 16:45:44,803 - root - INFO - ********* Adding Customer Details *******
2022-07-18 16:45:55,856 - root - INFO - ****** Saving Customer Info ********
2022-07-18 16:45:55,857 - root - INFO - ********* Add customer Validation started ********
2022-07-18 17:36:20,488 - root - INFO - ****** Test_003_AddCustomer******
2022-07-18 17:36:30,409 - root - INFO - *****Login Successful********
2022-07-18 17:36:30,409 - root - INFO - ******* Starting Add Customer*******
2022-07-18 17:36:33,588 - root - INFO - ********* Adding Customer Details *******
2022-07-18 17:36:40,907 - root - INFO - ****** Saving Customer Info ********
2022-07-18 17:36:40,907 - root - INFO - ********* Add customer Validation started ********
2022-07-18 17:37:46,951 - root - INFO - ****** Test_003_AddCustomer******
2022-07-18 17:37:56,272 - root - INFO - *****Login Successful********
2022-07-18 17:37:56,272 - root - INFO - ******* Starting Add Customer*******
2022-07-18 17:37:57,822 - root - INFO - ********* Adding Customer Details *******
2022-07-18 17:38:02,310 - root - INFO - ****** Saving Customer Info ********
2022-07-18 17:38:02,310 - root - INFO - ********* Add customer Validation started ********
2022-07-18 17:41:54,154 - root - INFO - ****** Test_003_AddCustomer******
2022-07-18 17:42:03,743 - root - INFO - *****Login Successful********
2022-07-18 17:42:03,743 - root - INFO - ******* Starting Add Customer*******
2022-07-18 17:42:05,212 - root - INFO - ********* Adding Customer Details *******
2022-07-18 17:42:09,485 - root - INFO - ****** Saving Customer Info ********
2022-07-18 17:42:09,485 - root - INFO - ********* Add customer Validation started ********
2022-07-18 17:42:09,997 - root - ERROR - ******** Add Customer Testcase Failed ********
2022-07-18 17:45:16,872 - root - INFO - ****** Test_003_AddCustomer******
2022-07-18 17:45:26,787 - root - INFO - *****Login Successful********
2022-07-18 17:45:26,788 - root - INFO - ******* Starting Add Customer*******
2022-07-18 17:45:28,248 - root - INFO - ********* Adding Customer Details *******
2022-07-18 17:45:32,899 - root - INFO - ****** Saving Customer Info ********
2022-07-18 17:45:32,900 - root - INFO - ********* Add customer Validation started ********
2022-07-18 17:45:33,081 - root - ERROR - ******** Add Customer Testcase Failed ********
2022-07-18 17:47:33,614 - root - INFO - ****** Test_003_AddCustomer******
2022-07-18 17:48:02,846 - root - INFO - *****Login Successful********
2022-07-18 17:48:02,846 - root - INFO - ******* Starting Add Customer*******
2022-07-18 17:48:08,162 - root - INFO - ********* Adding Customer Details *******
2022-07-18 17:48:12,669 - root - INFO - ****** Saving Customer Info ********
2022-07-18 17:48:12,670 - root - INFO - ********* Add customer Validation started ********
2022-07-18 17:48:12,851 - root - ERROR - ******** Add Customer Testcase Failed ********
2022-07-18 17:56:20,431 - root - INFO - ****** Test_003_AddCustomer******
2022-07-18 17:56:30,035 - root - INFO - *****Login Successful********
2022-07-18 17:56:30,035 - root - INFO - ******* Starting Add Customer*******
2022-07-18 17:56:31,544 - root - INFO - ********* Adding Customer Details *******
2022-07-18 17:56:36,168 - root - INFO - ****** Saving Customer Info ********
2022-07-18 17:56:36,168 - root - INFO - ********* Add customer Validation started ********
2022-07-18 17:56:36,336 - root - ERROR - ******** Add Customer Testcase Failed ********
2022-07-18 18:04:02,837 - root - INFO - ****** Test_003_AddCustomer******
2022-07-18 18:04:12,438 - root - INFO - *****Login Successful********
2022-07-18 18:04:12,438 - root - INFO - ******* Starting Add Customer*******
2022-07-18 18:04:13,982 - root - INFO - ********* Adding Customer Details *******
2022-07-18 18:04:18,264 - root - INFO - ****** Saving Customer Info ********
2022-07-18 18:04:18,264 - root - INFO - ********* Add customer Validation started ********
2022-07-18 18:04:18,462 - root - ERROR - ******** Add Customer Testcase Failed ********
2022-07-18 18:11:54,525 - root - INFO - ****** Test_003_AddCustomer******
2022-07-18 18:12:04,369 - root - INFO - *****Login Successful********
2022-07-18 18:12:04,370 - root - INFO - ******* Starting Add Customer*******
2022-07-18 18:12:05,898 - root - INFO - ********* Adding Customer Details *******
2022-07-18 18:12:10,143 - root - INFO - ****** Saving Customer Info ********
2022-07-18 18:12:10,143 - root - INFO - ********* Add customer Validation started ********
2022-07-18 18:12:10,547 - root - ERROR - ******** Add Customer Testcase Failed ********
2022-07-18 21:04:31,815 - root - INFO - ****** Test_003_AddCustomer******
2022-07-18 21:04:41,612 - root - INFO - *****Login Successful********
2022-07-18 21:04:41,612 - root - INFO - ******* Starting Add Customer*******
2022-07-18 21:04:45,685 - root - INFO - ********* Adding Customer Details *******
2022-07-18 21:04:50,329 - root - INFO - ****** Saving Customer Info ********
2022-07-18 21:04:50,329 - root - INFO - ********* Add customer Validation started ********
2022-07-18 21:04:50,482 - root - ERROR - ******** Add Customer Testcase Failed ********
2022-07-18 21:13:55,540 - root - INFO - ****** Test_003_AddCustomer******
2022-07-18 21:13:55,540 - root - INFO - ****** Test_003_AddCustomer******
2022-07-18 21:13:55,540 - root - INFO - ****** Test_003_AddCustomer******
2022-07-18 21:14:05,277 - root - INFO - *****Login Successful********
2022-07-18 21:14:05,277 - root - INFO - *****Login Successful********
2022-07-18 21:14:05,277 - root - INFO - *****Login Successful********
2022-07-18 21:14:05,277 - root - INFO - ******* Starting Add Customer*******
2022-07-18 21:14:05,277 - root - INFO - ******* Starting Add Customer*******
2022-07-18 21:14:05,277 - root - INFO - ******* Starting Add Customer*******
2022-07-18 21:14:06,747 - root - INFO - ********* Adding Customer Details *******
2022-07-18 21:14:06,747 - root - INFO - ********* Adding Customer Details *******
2022-07-18 21:14:06,747 - root - INFO - ********* Adding Customer Details *******
2022-07-18 21:14:11,051 - root - INFO - ****** Saving Customer Info ********
2022-07-18 21:14:11,051 - root - INFO - ****** Saving Customer Info ********
2022-07-18 21:14:11,051 - root - INFO - ****** Saving Customer Info ********
2022-07-18 21:14:11,052 - root - INFO - ********* Add customer Validation started ********
2022-07-18 21:14:11,052 - root - INFO - ********* Add customer Validation started ********
2022-07-18 21:14:11,052 - root - INFO - ********* Add customer Validation started ********
2022-07-18 21:14:11,217 - root - ERROR - ******** Add Customer Testcase Failed ********
2022-07-18 21:14:11,217 - root - ERROR - ******** Add Customer Testcase Failed ********
2022-07-18 21:14:11,217 - root - ERROR - ******** Add Customer Testcase Failed ********
2022-07-18 21:14:21,942 - root - INFO - ************ Login Test case Passed *********
2022-07-18 21:14:21,942 - root - INFO - ************ Login Test case Passed *********
2022-07-18 21:14:21,942 - root - INFO - ************ Login Test case Passed *********
2022-07-18 21:49:51,334 - root - INFO - ****** Test_003_AddCustomer******
2022-07-18 21:49:51,334 - root - INFO - ****** Test_003_AddCustomer******
2022-07-18 21:49:51,334 - root - INFO - ****** Test_003_AddCustomer******
2022-07-18 21:50:05,904 - root - INFO - *****Login Successful********
2022-07-18 21:50:05,904 - root - INFO - *****Login Successful********
2022-07-18 21:50:05,904 - root - INFO - *****Login Successful********
2022-07-18 21:50:05,904 - root - INFO - ******* Starting Add Customer*******
2022-07-18 21:50:05,904 - root - INFO - ******* Starting Add Customer*******
2022-07-18 21:50:05,904 - root - INFO - ******* Starting Add Customer*******
2022-07-18 21:50:11,066 - root - INFO - ********* Adding Customer Details *******
2022-07-18 21:50:11,066 - root - INFO - ********* Adding Customer Details *******
2022-07-18 21:50:11,066 - root - INFO - ********* Adding Customer Details *******
2022-07-18 21:50:15,923 - root - INFO - ****** Saving Customer Info ********
2022-07-18 21:50:15,923 - root - INFO - ****** Saving Customer Info ********
2022-07-18 21:50:15,923 - root - INFO - ****** Saving Customer Info ********
2022-07-18 21:50:15,923 - root - INFO - ********* Add customer Validation started ********
2022-07-18 21:50:15,923 - root - INFO - ********* Add customer Validation started ********
2022-07-18 21:50:15,923 - root - INFO - ********* Add customer Validation started ********
2022-07-18 21:50:16,223 - root - ERROR - ******** Add Customer Testcase Failed ********
2022-07-18 21:50:16,223 - root - ERROR - ******** Add Customer Testcase Failed ********
2022-07-18 21:50:16,223 - root - ERROR - ******** Add Customer Testcase Failed ********
2022-07-18 21:50:27,388 - root - INFO - ************ Login Test case Passed *********
2022-07-18 21:50:27,388 - root - INFO - ************ Login Test case Passed *********
2022-07-18 21:50:27,388 - root - INFO - ************ Login Test case Passed *********
2022-07-19 15:56:34,696 - root - INFO - ****** Test_003_AddCustomer******
2022-07-19 15:56:34,696 - root - INFO - ****** Test_003_AddCustomer******
2022-07-19 15:56:34,696 - root - INFO - ****** Test_003_AddCustomer******
2022-07-19 15:56:44,949 - root - INFO - *****Login Successful********
2022-07-19 15:56:44,949 - root - INFO - *****Login Successful********
2022-07-19 15:56:44,949 - root - INFO - *****Login Successful********
2022-07-19 15:56:44,949 - root - INFO - ******* Starting Add Customer*******
2022-07-19 15:56:44,949 - root - INFO - ******* Starting Add Customer*******
2022-07-19 15:56:44,949 - root - INFO - ******* Starting Add Customer*******
2022-07-19 15:56:50,053 - root - INFO - ********* Adding Customer Details *******
2022-07-19 15:56:50,053 - root - INFO - ********* Adding Customer Details *******
2022-07-19 15:56:50,053 - root - INFO - ********* Adding Customer Details *******
2022-07-19 15:56:54,978 - root - INFO - ****** Saving Customer Info ********
2022-07-19 15:56:54,978 - root - INFO - ****** Saving Customer Info ********
2022-07-19 15:56:54,978 - root - INFO - ****** Saving Customer Info ********
2022-07-19 15:56:54,978 - root - INFO - ********* Add customer Validation started ********
2022-07-19 15:56:54,978 - root - INFO - ********* Add customer Validation started ********
2022-07-19 15:56:54,978 - root - INFO - ********* Add customer Validation started ********
2022-07-19 15:56:55,174 - root - ERROR - ******** Add Customer Testcase Failed ********
2022-07-19 15:56:55,174 - root - ERROR - ******** Add Customer Testcase Failed ********
2022-07-19 15:56:55,174 - root - ERROR - ******** Add Customer Testcase Failed ********
2022-07-19 15:57:08,561 - root - INFO - ************ Login Test case Passed *********
2022-07-19 15:57:08,561 - root - INFO - ************ Login Test case Passed *********
2022-07-19 15:57:08,561 - root - INFO - ************ Login Test case Passed *********
2022-07-19 15:58:49,459 - root - INFO - ****** Test_003_AddCustomer******
2022-07-19 15:58:49,459 - root - INFO - ****** Test_003_AddCustomer******
2022-07-19 15:58:49,459 - root - INFO - ****** Test_003_AddCustomer******
2022-07-19 15:58:59,394 - root - INFO - *****Login Successful********
2022-07-19 15:58:59,394 - root - INFO - *****Login Successful********
2022-07-19 15:58:59,394 - root - INFO - *****Login Successful********
2022-07-19 15:58:59,394 - root - INFO - ******* Starting Add Customer*******
2022-07-19 15:58:59,394 - root - INFO - ******* Starting Add Customer*******
2022-07-19 15:58:59,394 - root - INFO - ******* Starting Add Customer*******
2022-07-19 15:59:01,494 - root - INFO - ********* Adding Customer Details *******
2022-07-19 15:59:01,494 - root - INFO - ********* Adding Customer Details *******
2022-07-19 15:59:01,494 - root - INFO - ********* Adding Customer Details *******
2022-07-19 15:59:06,295 - root - INFO - ****** Saving Customer Info ********
2022-07-19 15:59:06,295 - root - INFO - ****** Saving Customer Info ********
2022-07-19 15:59:06,295 - root - INFO - ****** Saving Customer Info ********
2022-07-19 15:59:06,295 - root - INFO - ********* Add customer Validation started ********
2022-07-19 15:59:06,295 - root - INFO - ********* Add customer Validation started ********
2022-07-19 15:59:06,295 - root - INFO - ********* Add customer Validation started ********
2022-07-19 15:59:06,546 - root - INFO - ***** Add Customer Testcase Passed *******
2022-07-19 15:59:06,546 - root - INFO - ***** Add Customer Testcase Passed *******
2022-07-19 15:59:06,546 - root - INFO - ***** Add Customer Testcase Passed *******
2022-07-19 15:59:18,213 - root - INFO - ************ Login Test case Passed *********
2022-07-19 15:59:18,213 - root - INFO - ************ Login Test case Passed *********
2022-07-19 15:59:18,213 - root - INFO - ************ Login Test case Passed *********
2022-07-19 16:01:04,220 - root - INFO - ****** Test_003_AddCustomer******
2022-07-19 16:01:04,220 - root - INFO - ****** Test_003_AddCustomer******
2022-07-19 16:01:04,220 - root - INFO - ****** Test_003_AddCustomer******
2022-07-19 16:01:14,812 - root - INFO - *****Login Successful********
2022-07-19 16:01:14,812 - root - INFO - *****Login Successful********
2022-07-19 16:01:14,812 - root - INFO - *****Login Successful********
2022-07-19 16:01:14,812 - root - INFO - ******* Starting Add Customer*******
2022-07-19 16:01:14,812 - root - INFO - ******* Starting Add Customer*******
2022-07-19 16:01:14,812 - root - INFO - ******* Starting Add Customer*******
2022-07-19 16:01:18,145 - root - INFO - ********* Adding Customer Details *******
2022-07-19 16:01:18,145 - root - INFO - ********* Adding Customer Details *******
2022-07-19 16:01:18,145 - root - INFO - ********* Adding Customer Details *******
2022-07-19 16:01:23,123 - root - INFO - ****** Saving Customer Info ********
2022-07-19 16:01:23,123 - root - INFO - ****** Saving Customer Info ********
2022-07-19 16:01:23,123 - root - INFO - ****** Saving Customer Info ********
2022-07-19 16:01:23,123 - root - INFO - ********* Add customer Validation started ********
2022-07-19 16:01:23,123 - root - INFO - ********* Add customer Validation started ********
2022-07-19 16:01:23,123 - root - INFO - ********* Add customer Validation started ********
2022-07-19 16:01:23,164 - root - INFO - ***** Add Customer Testcase Passed *******
2022-07-19 16:01:23,164 - root - INFO - ***** Add Customer Testcase Passed *******
2022-07-19 16:01:23,164 - root - INFO - ***** Add Customer Testcase Passed *******
2022-07-19 16:01:36,549 - root - INFO - ************ Login Test case Passed *********
2022-07-19 16:01:36,549 - root - INFO - ************ Login Test case Passed *********
2022-07-19 16:01:36,549 - root - INFO - ************ Login Test case Passed *********
2022-07-19 16:02:00,685 - root - INFO - ****** Test_003_AddCustomer******
2022-07-19 16:02:00,685 - root - INFO - ****** Test_003_AddCustomer******
2022-07-19 16:02:00,685 - root - INFO - ****** Test_003_AddCustomer******
2022-07-19 16:02:10,948 - root - INFO - *****Login Successful********
2022-07-19 16:02:10,948 - root - INFO - *****Login Successful********
2022-07-19 16:02:10,948 - root - INFO - *****Login Successful********
2022-07-19 16:02:10,948 - root - INFO - ******* Starting Add Customer*******
2022-07-19 16:02:10,948 - root - INFO - ******* Starting Add Customer*******
2022-07-19 16:02:10,948 - root - INFO - ******* Starting Add Customer*******
2022-07-19 16:02:13,116 - root - INFO - ********* Adding Customer Details *******
2022-07-19 16:02:13,116 - root - INFO - ********* Adding Customer Details *******
2022-07-19 16:02:13,116 - root - INFO - ********* Adding Customer Details *******
2022-07-19 16:02:17,978 - root - INFO - ****** Saving Customer Info ********
2022-07-19 16:02:17,978 - root - INFO - ****** Saving Customer Info ********
2022-07-19 16:02:17,978 - root - INFO - ****** Saving Customer Info ********
2022-07-19 16:02:17,978 - root - INFO - ********* Add customer Validation started ********
2022-07-19 16:02:17,978 - root - INFO - ********* Add customer Validation started ********
2022-07-19 16:02:17,978 - root - INFO - ********* Add customer Validation started ********
2022-07-19 16:02:18,251 - root - INFO - ***** Add Customer Testcase Passed *******
2022-07-19 16:02:18,251 - root - INFO - ***** Add Customer Testcase Passed *******
2022-07-19 16:02:18,251 - root - INFO - ***** Add Customer Testcase Passed *******
2022-07-19 16:02:30,046 - root - INFO - ************ Login Test case Passed *********
2022-07-19 16:02:30,046 - root - INFO - ************ Login Test case Passed *********
2022-07-19 16:02:30,046 - root - INFO - ************ Login Test case Passed *********
2022-07-19 16:08:28,121 - root - INFO - ****** Test_003_AddCustomer******
2022-07-19 16:08:28,121 - root - INFO - ****** Test_003_AddCustomer******
2022-07-19 16:08:28,121 - root - INFO - ****** Test_003_AddCustomer******
2022-07-19 16:08:37,812 - root - INFO - *****Login Successful********
2022-07-19 16:08:37,812 - root - INFO - *****Login Successful********
2022-07-19 16:08:37,812 - root - INFO - *****Login Successful********
2022-07-19 16:08:37,812 - root - INFO - ******* Starting Add Customer*******
2022-07-19 16:08:37,812 - root - INFO - ******* Starting Add Customer*******
2022-07-19 16:08:37,812 - root - INFO - ******* Starting Add Customer*******
2022-07-19 16:08:40,344 - root - INFO - ********* Adding Customer Details *******
2022-07-19 16:08:40,344 - root - INFO - ********* Adding Customer Details *******
2022-07-19 16:08:40,344 - root - INFO - ********* Adding Customer Details *******
2022-07-19 16:08:44,835 - root - INFO - ****** Saving Customer Info ********
2022-07-19 16:08:44,835 - root - INFO - ****** Saving Customer Info ********
2022-07-19 16:08:44,835 - root - INFO - ****** Saving Customer Info ********
2022-07-19 16:08:44,835 - root - INFO - ********* Add customer Validation started ********
2022-07-19 16:08:44,835 - root - INFO - ********* Add customer Validation started ********
2022-07-19 16:08:44,835 - root - INFO - ********* Add customer Validation started ********
2022-07-19 16:08:45,095 - root - INFO - ***** Add Customer Testcase Passed *******
2022-07-19 16:08:45,095 - root - INFO - ***** Add Customer Testcase Passed *******
2022-07-19 16:08:45,095 - root - INFO - ***** Add Customer Testcase Passed *******
2022-07-19 16:08:56,776 - root - INFO - ************ Login Test case Passed *********
2022-07-19 16:08:56,776 - root - INFO - ************ Login Test case Passed *********
2022-07-19 16:08:56,776 - root - INFO - ************ Login Test case Passed *********
2022-07-19 16:12:33,804 - root - INFO - ****** Test_003_AddCustomer******
2022-07-19 16:12:33,804 - root - INFO - ****** Test_003_AddCustomer******
2022-07-19 16:12:33,804 - root - INFO - ****** Test_003_AddCustomer******
2022-07-19 16:12:43,989 - root - INFO - *****Login Successful********
2022-07-19 16:12:43,989 - root - INFO - *****Login Successful********
2022-07-19 16:12:43,989 - root - INFO - *****Login Successful********
2022-07-19 16:12:43,989 - root - INFO - ******* Starting Add Customer*******
2022-07-19 16:12:43,989 - root - INFO - ******* Starting Add Customer*******
2022-07-19 16:12:43,989 - root - INFO - ******* Starting Add Customer*******
2022-07-19 16:12:45,819 - root - INFO - ********* Adding Customer Details *******
2022-07-19 16:12:45,819 - root - INFO - ********* Adding Customer Details *******
2022-07-19 16:12:45,819 - root - INFO - ********* Adding Customer Details *******
2022-07-19 16:12:50,434 - root - INFO - ****** Saving Customer Info ********
2022-07-19 16:12:50,434 - root - INFO - ****** Saving Customer Info ********
2022-07-19 16:12:50,434 - root - INFO - ****** Saving Customer Info ********
2022-07-19 16:12:50,434 - root - INFO - ********* Add customer Validation started ********
2022-07-19 16:12:50,434 - root - INFO - ********* Add customer Validation started ********
2022-07-19 16:12:50,434 - root - INFO - ********* Add customer Validation started ********
2022-07-19 16:12:50,470 - root - INFO - ***** Add Customer Testcase Passed *******
2022-07-19 16:12:50,470 - root - INFO - ***** Add Customer Testcase Passed *******
2022-07-19 16:12:50,470 - root - INFO - ***** Add Customer Testcase Passed *******
2022-07-19 16:13:02,349 - root - INFO - ************ Login Test case Passed *********
2022-07-19 16:13:02,349 - root - INFO - ************ Login Test case Passed *********
2022-07-19 16:13:02,349 - root - INFO - ************ Login Test case Passed *********
2022-07-19 16:13:10,365 - root - INFO - ****** Test_003_AddCustomer******
2022-07-19 16:13:10,365 - root - INFO - ****** Test_003_AddCustomer******
2022-07-19 16:13:10,365 - root - INFO - ****** Test_003_AddCustomer******
2022-07-19 16:13:20,091 - root - INFO - *****Login Successful********
2022-07-19 16:13:20,091 - root - INFO - *****Login Successful********
2022-07-19 16:13:20,091 - root - INFO - *****Login Successful********
2022-07-19 16:13:20,091 - root - INFO - ******* Starting Add Customer*******
2022-07-19 16:13:20,091 - root - INFO - ******* Starting Add Customer*******
2022-07-19 16:13:20,091 - root - INFO - ******* Starting Add Customer*******
2022-07-19 16:13:36,030 - root - INFO - ************ Login Test case Passed *********
2022-07-19 16:13:36,030 - root - INFO - ************ Login Test case Passed *********
2022-07-19 16:13:36,030 - root - INFO - ************ Login Test case Passed *********
2022-07-21 08:28:21,864 - root - INFO - ****** Test_003_AddCustomer******
2022-07-21 08:28:21,864 - root - INFO - ****** Test_003_AddCustomer******
2022-07-21 08:28:21,864 - root - INFO - ****** Test_003_AddCustomer******
2022-07-21 08:28:21,864 - root - INFO - ****** Test_003_AddCustomer******
2022-07-21 08:28:32,122 - root - INFO - *****Login Successful********
2022-07-21 08:28:32,122 - root - INFO - *****Login Successful********
2022-07-21 08:28:32,122 - root - INFO - *****Login Successful********
2022-07-21 08:28:32,122 - root - INFO - *****Login Successful********
2022-07-21 08:28:32,122 - root - INFO - ******* Starting Add Customer*******
2022-07-21 08:28:32,122 - root - INFO - ******* Starting Add Customer*******
2022-07-21 08:28:32,122 - root - INFO - ******* Starting Add Customer*******
2022-07-21 08:28:32,122 - root - INFO - ******* Starting Add Customer*******
2022-07-21 08:28:34,555 - root - INFO - ********* Adding Customer Details *******
2022-07-21 08:28:34,555 - root - INFO - ********* Adding Customer Details *******
2022-07-21 08:28:34,555 - root - INFO - ********* Adding Customer Details *******
2022-07-21 08:28:34,555 - root - INFO - ********* Adding Customer Details *******
2022-07-21 08:28:39,210 - root - INFO - ****** Saving Customer Info ********
2022-07-21 08:28:39,210 - root - INFO - ****** Saving Customer Info ********
2022-07-21 08:28:39,210 - root - INFO - ****** Saving Customer Info ********
2022-07-21 08:28:39,210 - root - INFO - ****** Saving Customer Info ********
2022-07-21 08:28:39,210 - root - INFO - ********* Add customer Validation started ********
2022-07-21 08:28:39,210 - root - INFO - ********* Add customer Validation started ********
2022-07-21 08:28:39,210 - root - INFO - ********* Add customer Validation started ********
2022-07-21 08:28:39,210 - root - INFO - ********* Add customer Validation started ********
2022-07-21 08:28:39,267 - root - INFO - ***** Add Customer Testcase Passed *******
2022-07-21 08:28:39,267 - root - INFO - ***** Add Customer Testcase Passed *******
2022-07-21 08:28:39,267 - root - INFO - ***** Add Customer Testcase Passed *******
2022-07-21 08:28:39,267 - root - INFO - ***** Add Customer Testcase Passed *******
2022-07-21 08:28:39,372 - root - INFO - *********Ending Add Customer Test ********
2022-07-21 08:28:39,372 - root - INFO - *********Ending Add Customer Test ********
2022-07-21 08:28:39,372 - root - INFO - *********Ending Add Customer Test ********
2022-07-21 08:28:39,372 - root - INFO - *********Ending Add Customer Test ********
2022-07-21 08:28:50,718 - root - INFO - ************ Login Test case Passed *********
2022-07-21 08:28:50,718 - root - INFO - ************ Login Test case Passed *********
2022-07-21 08:28:50,718 - root - INFO - ************ Login Test case Passed *********
2022-07-21 08:28:50,718 - root - INFO - ************ Login Test case Passed *********
2022-07-21 08:29:40,386 - root - INFO - ****** Test_004_SearchCustomer by Email******
2022-07-21 08:30:19,153 - root - INFO - ****** Test_004_SearchCustomer by Email******
2022-07-21 08:30:29,649 - root - INFO - *****Login Successful********
2022-07-21 08:30:29,649 - root - INFO - ******* Starting Search Customer*******
2022-07-21 08:30:31,007 - root - INFO - ******* Searching Customer by Email *******
2022-07-21 08:30:31,419 - root - ERROR - ********** Test Case Failed *************
2022-07-21 08:38:01,519 - root - INFO - ****** Test_003_AddCustomer******
2022-07-21 08:38:01,519 - root - INFO - ****** Test_003_AddCustomer******
2022-07-21 08:38:01,519 - root - INFO - ****** Test_003_AddCustomer******
2022-07-21 08:38:01,519 - root - INFO - ****** Test_003_AddCustomer******
2022-07-21 08:38:11,594 - root - INFO - *****Login Successful********
2022-07-21 08:38:11,594 - root - INFO - *****Login Successful********
2022-07-21 08:38:11,594 - root - INFO - *****Login Successful********
2022-07-21 08:38:11,594 - root - INFO - *****Login Successful********
2022-07-21 08:38:11,594 - root - INFO - ******* Starting Add Customer*******
2022-07-21 08:38:11,594 - root - INFO - ******* Starting Add Customer*******
2022-07-21 08:38:11,594 - root - INFO - ******* Starting Add Customer*******
2022-07-21 08:38:11,594 - root - INFO - ******* Starting Add Customer*******
2022-07-21 08:38:13,642 - root - INFO - ********* Adding Customer Details *******
2022-07-21 08:38:13,642 - root - INFO - ********* Adding Customer Details *******
2022-07-21 08:38:13,642 - root - INFO - ********* Adding Customer Details *******
2022-07-21 08:38:13,642 - root - INFO - ********* Adding Customer Details *******
2022-07-21 08:38:18,514 - root - INFO - ****** Saving Customer Info ********
2022-07-21 08:38:18,514 - root - INFO - ****** Saving Customer Info ********
2022-07-21 08:38:18,514 - root - INFO - ****** Saving Customer Info ********
2022-07-21 08:38:18,514 - root - INFO - ****** Saving Customer Info ********
2022-07-21 08:38:18,514 - root - INFO - ********* Add customer Validation started ********
2022-07-21 08:38:18,514 - root - INFO - ********* Add customer Validation started ********
2022-07-21 08:38:18,514 - root - INFO - ********* Add customer Validation started ********
2022-07-21 08:38:18,514 - root - INFO - ********* Add customer Validation started ********
2022-07-21 08:38:18,555 - root - INFO - ***** Add Customer Testcase Passed *******
2022-07-21 08:38:18,555 - root - INFO - ***** Add Customer Testcase Passed *******
2022-07-21 08:38:18,555 - root - INFO - ***** Add Customer Testcase Passed *******
2022-07-21 08:38:18,555 - root - INFO - ***** Add Customer Testcase Passed *******
2022-07-21 08:38:18,642 - root - INFO - *********Ending Add Customer Test ********
2022-07-21 08:38:18,642 - root - INFO - *********Ending Add Customer Test ********
2022-07-21 08:38:18,642 - root - INFO - *********Ending Add Customer Test ********
2022-07-21 08:38:18,642 - root - INFO - *********Ending Add Customer Test ********
2022-07-21 08:38:29,641 - root - INFO - ************ Login Test case Passed *********
2022-07-21 08:38:29,641 - root - INFO - ************ Login Test case Passed *********
2022-07-21 08:38:29,641 - root - INFO - ************ Login Test case Passed *********
2022-07-21 08:38:29,641 - root - INFO - ************ Login Test case Passed *********
2022-07-21 08:38:37,368 - root - INFO - ****** Test_003_AddCustomer******
2022-07-21 08:38:37,368 - root - INFO - ****** Test_003_AddCustomer******
2022-07-21 08:38:37,368 - root - INFO - ****** Test_003_AddCustomer******
2022-07-21 08:38:37,368 - root - INFO - ****** Test_003_AddCustomer******
2022-07-21 08:38:47,270 - root - INFO - *****Login Successful********
2022-07-21 08:38:47,270 - root - INFO - *****Login Successful********
2022-07-21 08:38:47,270 - root - INFO - *****Login Successful********
2022-07-21 08:38:47,270 - root - INFO - *****Login Successful********
2022-07-21 08:38:47,270 - root - INFO - ******* Starting Add Customer*******
2022-07-21 08:38:47,270 - root - INFO - ******* Starting Add Customer*******
2022-07-21 08:38:47,270 - root - INFO - ******* Starting Add Customer*******
2022-07-21 08:38:47,270 - root - INFO - ******* Starting Add Customer*******
2022-07-21 08:39:03,497 - root - INFO - ************ Login Test case Passed *********
2022-07-21 08:39:03,497 - root - INFO - ************ Login Test case Passed *********
2022-07-21 08:39:03,497 - root - INFO - ************ Login Test case Passed *********
2022-07-21 08:39:03,497 - root - INFO - ************ Login Test case Passed *********
2022-07-21 08:39:06,366 - root - INFO - ***********Test_001_Login**************
2022-07-21 08:39:06,366 - root - INFO - ***********Test_001_Login**************
2022-07-21 08:39:06,366 - root - INFO - ***********Test_001_Login**************
2022-07-21 08:39:06,366 - root - INFO - ***********Test_001_Login**************
2022-07-21 08:39:06,367 - root - INFO - *************** Verifying Homepage Title **********
2022-07-21 08:39:06,367 - root - INFO - *************** Verifying Homepage Title **********
2022-07-21 08:39:06,367 - root - INFO - *************** Verifying Homepage Title **********
2022-07-21 08:39:06,367 - root - INFO - *************** Verifying Homepage Title **********
2022-07-21 08:39:10,323 - root - ERROR - %%%%%%%%%%%% Test_homepage Failed .....  %%%%%%%%
2022-07-21 08:39:10,323 - root - ERROR - %%%%%%%%%%%% Test_homepage Failed .....  %%%%%%%%
2022-07-21 08:39:10,323 - root - ERROR - %%%%%%%%%%%% Test_homepage Failed .....  %%%%%%%%
2022-07-21 08:39:10,323 - root - ERROR - %%%%%%%%%%%% Test_homepage Failed .....  %%%%%%%%
2022-07-21 08:39:12,268 - root - INFO - ******* Test_002 Login started **********
2022-07-21 08:39:12,268 - root - INFO - ******* Test_002 Login started **********
2022-07-21 08:39:12,268 - root - INFO - ******* Test_002 Login started **********
2022-07-21 08:39:12,268 - root - INFO - ******* Test_002 Login started **********
2022-07-21 08:39:27,836 - root - INFO - **** Passed*******
2022-07-21 08:39:27,836 - root - INFO - **** Passed*******
2022-07-21 08:39:27,836 - root - INFO - **** Passed*******
2022-07-21 08:39:27,836 - root - INFO - **** Passed*******
2022-07-21 08:39:42,401 - root - INFO - *****Passed*****
2022-07-21 08:39:42,401 - root - INFO - *****Passed*****
2022-07-21 08:39:42,401 - root - INFO - *****Passed*****
2022-07-21 08:39:42,401 - root - INFO - *****Passed*****
2022-07-21 08:40:01,925 - root - INFO - ****** Test_004_SearchCustomer by Email******
2022-07-21 08:40:01,925 - root - INFO - ****** Test_004_SearchCustomer by Email******
2022-07-21 08:40:01,925 - root - INFO - ****** Test_004_SearchCustomer by Email******
2022-07-21 08:40:01,925 - root - INFO - ****** Test_004_SearchCustomer by Email******
2022-07-21 08:40:12,027 - root - INFO - *****Login Successful********
2022-07-21 08:40:12,027 - root - INFO - *****Login Successful********
2022-07-21 08:40:12,027 - root - INFO - *****Login Successful********
2022-07-21 08:40:12,027 - root - INFO - *****Login Successful********
2022-07-21 08:40:12,027 - root - INFO - ******* Starting Search Customer*******
2022-07-21 08:40:12,027 - root - INFO - ******* Starting Search Customer*******
2022-07-21 08:40:12,027 - root - INFO - ******* Starting Search Customer*******
2022-07-21 08:40:12,027 - root - INFO - ******* Starting Search Customer*******
2022-07-21 08:40:13,324 - root - INFO - ******* Searching Customer by Email *******
2022-07-21 08:40:13,324 - root - INFO - ******* Searching Customer by Email *******
2022-07-21 08:40:13,324 - root - INFO - ******* Searching Customer by Email *******
2022-07-21 08:40:13,324 - root - INFO - ******* Searching Customer by Email *******
2022-07-21 08:40:13,741 - root - ERROR - ********** Test Case Failed *************
2022-07-21 08:40:13,741 - root - ERROR - ********** Test Case Failed *************
2022-07-21 08:40:13,741 - root - ERROR - ********** Test Case Failed *************
2022-07-21 08:40:13,741 - root - ERROR - ********** Test Case Failed *************
2022-07-21 08:49:28,679 - root - INFO - ****** Test_004_SearchCustomer by Email******
2022-07-21 08:49:38,757 - root - INFO - *****Login Successful********
2022-07-21 08:49:38,757 - root - INFO - ******* Starting Search Customer*******
2022-07-21 08:49:41,290 - root - INFO - ******* Searching Customer by Email *******
2022-07-21 08:55:27,334 - root - INFO - ****** Test_004_SearchCustomer by Email******
2022-07-21 08:55:37,640 - root - INFO - *****Login Successful********
2022-07-21 08:55:37,640 - root - INFO - ******* Starting Search Customer*******
2022-07-21 08:55:38,716 - root - INFO - ******* Searching Customer by Email *******
2022-07-21 08:57:26,108 - root - INFO - ****** Test_004_SearchCustomer by Email******
2022-07-21 08:57:35,911 - root - INFO - *****Login Successful********
2022-07-21 08:57:35,911 - root - INFO - ******* Starting Search Customer*******
2022-07-21 08:57:37,327 - root - INFO - ******* Searching Customer by Email *******
2022-07-21 08:57:42,589 - root - INFO - ***************  TC_SearchCustomerByEmail_004 Finished  *********** 
2022-07-21 09:03:47,105 - root - INFO - ****** Test_004_SearchCustomer by Email******
2022-07-21 09:03:57,577 - root - INFO - *****Login Successful********
2022-07-21 09:03:57,577 - root - INFO - ******* Starting Search Customer*******
2022-07-21 09:03:58,632 - root - INFO - ******* Searching Customer by Email *******
2022-07-21 09:04:03,870 - root - INFO - **************Test case Passed! *************
2022-07-21 09:04:03,870 - root - INFO - ***************  TC_SearchCustomerByEmail_004 Finished  *********** 
2022-07-21 09:24:12,109 - root - INFO - ****** Test_003_AddCustomer******
2022-07-21 09:24:22,157 - root - INFO - *****Login Successful********
2022-07-21 09:24:22,157 - root - INFO - ******* Starting Add Customer*******
2022-07-21 09:24:24,522 - root - INFO - ********* Adding Customer Details *******
2022-07-21 09:24:32,168 - root - INFO - ****** Saving Customer Info ********
2022-07-21 09:24:32,168 - root - INFO - ********* Add customer Validation started ********
2022-07-21 09:31:35,983 - root - INFO - ****** Test_003_AddCustomer******
2022-07-21 09:31:46,767 - root - INFO - *****Login Successful********
2022-07-21 09:31:46,767 - root - INFO - ******* Starting Add Customer*******
2022-07-21 09:31:48,684 - root - INFO - ********* Adding Customer Details *******
2022-07-21 09:31:56,570 - root - INFO - ****** Saving Customer Info ********
2022-07-21 09:31:56,570 - root - INFO - ********* Add customer Validation started ********
2022-07-21 09:31:56,622 - root - INFO - ***** Add Customer Testcase Passed *******
2022-07-21 09:31:56,747 - root - INFO - *********Ending Add Customer Test ********
2022-07-21 09:36:58,178 - root - INFO - ****** Test_003_AddCustomer******
2022-07-21 09:37:08,582 - root - INFO - *****Login Successful********
2022-07-21 09:37:08,582 - root - INFO - ******* Starting Add Customer*******
2022-07-21 09:37:10,682 - root - INFO - ********* Adding Customer Details *******
2022-07-21 09:38:54,039 - root - INFO - ****** Test_003_AddCustomer******
2022-07-21 09:39:03,970 - root - INFO - *****Login Successful********
2022-07-21 09:39:03,970 - root - INFO - ******* Starting Add Customer*******
2022-07-21 09:39:05,871 - root - INFO - ********* Adding Customer Details *******
2022-07-21 09:47:07,024 - root - INFO - ****** Test_003_AddCustomer******
2022-07-21 09:47:25,845 - root - INFO - *****Login Successful********
2022-07-21 09:47:25,845 - root - INFO - ******* Starting Add Customer*******
2022-07-21 09:48:11,459 - root - INFO - ****** Test_003_AddCustomer******
2022-07-21 09:48:21,549 - root - INFO - *****Login Successful********
2022-07-21 09:48:21,549 - root - INFO - ******* Starting Add Customer*******
2022-07-21 09:48:27,192 - root - INFO - ********* Adding Customer Details *******
2022-07-21 12:07:38,140 - root - INFO - ****** Test_003_AddCustomer******
2022-07-21 12:07:48,277 - root - INFO - *****Login Successful********
2022-07-21 12:07:48,281 - root - INFO - ******* Starting Add Customer*******
2022-07-21 12:07:50,425 - root - INFO - ********* Adding Customer Details *******
2022-07-21 12:10:26,099 - root - INFO - ****** Test_003_AddCustomer******
2022-07-21 12:10:36,232 - root - INFO - *****Login Successful********
2022-07-21 12:10:36,232 - root - INFO - ******* Starting Add Customer*******
2022-07-21 12:10:38,289 - root - INFO - ********* Adding Customer Details *******
2022-07-21 12:13:01,307 - root - INFO - ****** Test_003_AddCustomer******
2022-07-21 12:13:11,471 - root - INFO - *****Login Successful********
2022-07-21 12:13:11,471 - root - INFO - ******* Starting Add Customer*******
2022-07-21 12:13:13,520 - root - INFO - ********* Adding Customer Details *******
2022-07-21 12:14:33,680 - root - INFO - ****** Test_003_AddCustomer******
2022-07-21 12:14:44,208 - root - INFO - *****Login Successful********
2022-07-21 12:14:44,208 - root - INFO - ******* Starting Add Customer*******
2022-07-21 12:14:46,382 - root - INFO - ********* Adding Customer Details *******
2022-07-21 12:15:46,346 - root - INFO - ****** Test_003_AddCustomer******
2022-07-21 12:15:56,351 - root - INFO - *****Login Successful********
2022-07-21 12:15:56,351 - root - INFO - ******* Starting Add Customer*******
2022-07-21 12:15:58,500 - root - INFO - ********* Adding Customer Details *******
2022-07-21 12:16:06,481 - root - INFO - ****** Saving Customer Info ********
2022-07-21 12:16:06,481 - root - INFO - ********* Add customer Validation started ********
2022-07-26 10:20:39,921 - root - INFO - ****** Test_005_Searchorderstatus******
2022-07-26 10:20:50,145 - root - INFO - *****Login Successful********
2022-07-26 10:20:50,146 - root - INFO - ******* Starting Search Orderstatus *******
2022-07-26 10:28:32,056 - root - INFO - ****** Test_005_Searchorderstatus******
2022-07-26 10:28:43,880 - root - INFO - *****Login Successful********
2022-07-26 10:28:43,880 - root - INFO - ******* Starting Search Orderstatus *******
2022-07-26 10:28:47,894 - root - INFO - ********* Clicking on Sales*********
2022-07-26 10:30:30,912 - root - INFO - ****** Test_005_Searchorderstatus******
2022-07-26 10:30:41,128 - root - INFO - *****Login Successful********
2022-07-26 10:30:41,129 - root - INFO - ******* Starting Search Orderstatus *******
2022-07-26 10:30:45,131 - root - INFO - ********* Clicking on Sales*********
2022-07-26 10:32:39,631 - root - INFO - ****** Test_005_Searchorderstatus******
2022-07-26 10:32:48,912 - root - INFO - *****Login Successful********
2022-07-26 10:32:48,912 - root - INFO - ******* Starting Search Orderstatus *******
2022-07-26 10:32:52,921 - root - INFO - ********* Clicking on Sales*********
2022-07-26 10:46:12,332 - root - INFO - ****** Test_005_Searchorderstatus******
2022-07-26 10:46:22,468 - root - INFO - *****Login Successful********
2022-07-26 10:46:22,468 - root - INFO - ******* Starting Search Orderstatus *******
2022-07-26 10:46:26,471 - root - INFO - ********* Clicking on Sales*********
2022-07-26 10:46:32,134 - root - INFO - ********** Checking the Pending Status*************
2022-07-26 10:56:19,129 - root - INFO - ****** Test_005_Searchorderstatus******
2022-07-26 10:56:29,377 - root - INFO - *****Login Successful********
2022-07-26 10:56:29,377 - root - INFO - ******* Starting Search Orderstatus *******
2022-07-26 10:56:33,379 - root - INFO - ********* Clicking on Sales*********
2022-07-26 10:56:40,614 - root - INFO - ********** Checking the Pending Status*************
2022-07-26 11:02:47,301 - root - INFO - ****** Test_005_Searchorderstatus******
2022-07-26 11:02:57,374 - root - INFO - *****Login Successful********
2022-07-26 11:02:57,374 - root - INFO - ******* Starting Search Orderstatus *******
2022-07-26 11:03:01,377 - root - INFO - ********* Clicking on Sales*********
2022-07-26 11:03:06,067 - root - INFO - ********** Checking the Pending Status*************
2022-07-26 11:03:34,178 - root - INFO - ****** Test_005_Searchorderstatus******
2022-07-26 11:03:44,299 - root - INFO - *****Login Successful********
2022-07-26 11:03:44,299 - root - INFO - ******* Starting Search Orderstatus *******
2022-07-26 11:03:48,314 - root - INFO - ********* Clicking on Sales*********
2022-07-26 11:03:53,676 - root - INFO - ********** Checking the Pending Status*************
2022-07-26 11:04:44,825 - root - INFO - ****** Test_005_Searchorderstatus******
2022-07-26 11:04:54,404 - root - INFO - *****Login Successful********
2022-07-26 11:04:54,404 - root - INFO - ******* Starting Search Orderstatus *******
2022-07-26 11:04:58,414 - root - INFO - ********* Clicking on Sales*********
2022-07-26 11:05:03,507 - root - INFO - ********** Checking the Pending Status*************
2022-07-26 11:09:00,052 - root - INFO - ****** Test_005_Searchorderstatus******
2022-07-26 11:09:10,177 - root - INFO - *****Login Successful********
2022-07-26 11:09:10,177 - root - INFO - ******* Starting Search Orderstatus *******
2022-07-26 11:09:14,186 - root - INFO - ********* Clicking on Sales*********
2022-07-26 11:09:19,126 - root - INFO - ********** Checking the Pending Status*************
2022-07-26 11:13:07,764 - root - INFO - ****** Test_005_Searchorderstatus******
2022-07-26 11:13:17,417 - root - INFO - *****Login Successful********
2022-07-26 11:13:17,417 - root - INFO - ******* Starting Search Orderstatus *******
2022-07-26 11:13:21,422 - root - INFO - ********* Clicking on Sales*********
2022-07-26 11:13:26,362 - root - INFO - ********** Checking the Pending Status*************
2022-07-26 11:18:41,878 - root - INFO - ****** Test_005_Searchorderstatus******
2022-07-26 11:18:52,606 - root - INFO - *****Login Successful********
2022-07-26 11:18:52,606 - root - INFO - ******* Starting Search Orderstatus *******
2022-07-26 11:18:56,623 - root - INFO - ********* Clicking on Sales*********
2022-07-26 11:19:01,948 - root - INFO - ********** Checking the Pending Status*************
2022-07-26 11:21:32,452 - root - INFO - ****** Test_005_Searchorderstatus******
2022-07-26 11:21:42,681 - root - INFO - *****Login Successful********
2022-07-26 11:21:42,681 - root - INFO - ******* Starting Search Orderstatus *******
2022-07-26 11:21:46,691 - root - INFO - ********* Clicking on Sales*********
2022-07-26 11:21:51,359 - root - INFO - ********** Checking the Pending Status*************
2022-07-26 11:24:49,004 - root - INFO - ****** Test_005_Searchorderstatus******
2022-07-26 11:24:59,344 - root - INFO - *****Login Successful********
2022-07-26 11:24:59,344 - root - INFO - ******* Starting Search Orderstatus *******
2022-07-26 11:25:03,360 - root - INFO - ********* Clicking on Sales*********
2022-07-26 11:25:08,042 - root - INFO - ********** Checking the Pending Status*************
2022-07-26 15:01:25,637 - root - INFO - ****** Test_005_Searchorderstatus******
2022-07-26 15:01:35,569 - root - INFO - *****Login Successful********
2022-07-26 15:01:35,569 - root - INFO - ******* Starting Search Orderstatus *******
2022-07-26 15:01:39,574 - root - INFO - ********* Clicking on Sales*********
2022-07-26 15:01:45,129 - root - INFO - ********** Checking the Pending Status*************
2022-07-26 15:12:28,231 - root - INFO - ****** Test_005_Searchorderstatus******
2022-07-26 15:12:38,022 - root - INFO - *****Login Successful********
2022-07-26 15:12:38,022 - root - INFO - ******* Starting Search Orderstatus *******
2022-07-26 15:12:42,034 - root - INFO - ********* Clicking on Sales*********
2022-07-26 15:12:47,071 - root - INFO - ********** Checking the Pending Status*************
2022-07-26 15:13:36,448 - root - INFO - ****** Test_005_Searchorderstatus******
2022-07-26 15:13:46,183 - root - INFO - *****Login Successful********
2022-07-26 15:13:46,183 - root - INFO - ******* Starting Search Orderstatus *******
2022-07-26 15:13:50,201 - root - INFO - ********* Clicking on Sales*********
2022-07-26 15:13:55,159 - root - INFO - ********** Checking the Pending Status*************
2022-07-26 15:53:57,629 - root - INFO - ****** Test_005_Searchorderstatus******
2022-07-26 15:54:07,285 - root - INFO - *****Login Successful********
2022-07-26 15:54:07,285 - root - INFO - ******* Starting Search Orderstatus *******
2022-07-26 15:54:11,299 - root - INFO - ********* Clicking on Sales*********
2022-07-26 15:54:15,957 - root - INFO - ********** Checking the Pending Status*************
2022-07-26 15:56:36,360 - root - INFO - ****** Test_005_Searchorderstatus******
2022-07-26 15:56:46,080 - root - INFO - *****Login Successful********
2022-07-26 15:56:46,080 - root - INFO - ******* Starting Search Orderstatus *******
2022-07-26 15:56:50,101 - root - INFO - ********* Clicking on Sales*********
2022-07-26 15:56:54,777 - root - INFO - ********** Checking the Pending Status*************
2022-07-26 16:00:32,871 - root - INFO - ****** Test_005_Searchorderstatus******
2022-07-26 16:00:42,569 - root - INFO - *****Login Successful********
2022-07-26 16:00:42,569 - root - INFO - ******* Starting Search Orderstatus *******
2022-07-26 16:00:46,583 - root - INFO - ********* Clicking on Sales*********
2022-07-26 16:00:51,549 - root - INFO - ********** Checking the Pending Status*************
2022-07-26 16:02:44,975 - root - INFO - ****** Test_005_Searchorderstatus******
2022-07-26 16:02:54,430 - root - INFO - *****Login Successful********
2022-07-26 16:02:54,430 - root - INFO - ******* Starting Search Orderstatus *******
2022-07-26 16:02:58,434 - root - INFO - ********* Clicking on Sales*********
2022-07-26 16:03:03,477 - root - INFO - ********** Checking the Pending Status*************
2022-07-26 16:07:26,205 - root - INFO - ****** Test_005_Searchorderstatus******
2022-07-26 16:07:36,029 - root - INFO - *****Login Successful********
2022-07-26 16:07:36,029 - root - INFO - ******* Starting Search Orderstatus *******
2022-07-26 16:07:40,043 - root - INFO - ********* Clicking on Sales*********
2022-07-26 16:07:44,934 - root - INFO - ********** Checking the Pending Status*************
2022-07-26 16:09:48,855 - root - INFO - ****** Test_005_Searchorderstatus******
2022-07-26 16:09:58,656 - root - INFO - *****Login Successful********
2022-07-26 16:09:58,656 - root - INFO - ******* Starting Search Orderstatus *******
2022-07-26 16:10:02,679 - root - INFO - ********* Clicking on Sales*********
2022-07-26 16:10:07,654 - root - INFO - ********** Checking the Pending Status*************
2022-07-26 16:12:18,808 - root - INFO - ****** Test_005_Searchorderstatus******
2022-07-26 16:12:28,596 - root - INFO - *****Login Successful********
2022-07-26 16:12:28,596 - root - INFO - ******* Starting Search Orderstatus *******
2022-07-26 16:12:32,607 - root - INFO - ********* Clicking on Sales*********
2022-07-26 16:12:37,556 - root - INFO - ********** Checking the Pending Status*************
2022-07-26 16:12:37,977 - root - ERROR - ************ Test case Failed ***************
2022-07-26 16:12:37,977 - root - INFO - ***************  TC_Orderstatus 005 is Finished  *********** 
2022-07-26 16:15:06,219 - root - INFO - ****** Test_005_Searchorderstatus******
2022-07-26 16:15:15,915 - root - INFO - *****Login Successful********
2022-07-26 16:15:15,915 - root - INFO - ******* Starting Search Orderstatus *******
2022-07-26 16:15:19,922 - root - INFO - ********* Clicking on Sales*********
2022-07-26 16:15:24,841 - root - INFO - ********** Checking the Pending Status*************
2022-07-26 16:15:25,170 - root - ERROR - ************ Test case Failed ***************
2022-07-26 16:15:25,170 - root - INFO - ***************  TC_Orderstatus 005 is Finished  *********** 
2022-07-26 16:16:20,385 - root - INFO - ****** Test_005_Searchorderstatus******
2022-07-26 16:16:30,256 - root - INFO - *****Login Successful********
2022-07-26 16:16:30,256 - root - INFO - ******* Starting Search Orderstatus *******
2022-07-26 16:16:34,264 - root - INFO - ********* Clicking on Sales*********
2022-07-26 16:16:39,176 - root - INFO - ********** Checking the Pending Status*************
2022-07-26 16:16:39,319 - root - INFO - **************Test case Passed! *************
2022-07-26 16:16:39,320 - root - INFO - ***************  TC_Orderstatus 005 is Finished  *********** 
